<?xml version="1.0" encoding="UTF-8"?>
<!-- Generated by org.testng.reporters.JUnitReportReporter -->
<testsuite skipped="0" hostname="DESKTOP-R943KRN" name="crossB.VerifyTitle" tests="3" failures="0" timestamp="2020-04-21T19:14:52 CST" time="39.333" errors="0">
  <testcase name="verifypageTitle" time="13.441" classname="crossB.VerifyTitle"/>
  <system-out/>
  <testcase name="verifypageTitle" time="11.443" classname="crossB.VerifyTitle"/>
  <system-out/>
  <testcase name="verifypageTitle" time="14.449" classname="crossB.VerifyTitle"/>
  <system-out/>
</testsuite> <!-- crossB.VerifyTitle -->
